<?xml version="1.0" encoding="UTF-8"?>
<!-- Generated by org.testng.reporters.JUnitReportReporter -->
<testsuite hostname="LAPTOP-6CRS3H6O" failures="0" tests="3" name="e2e_Tugas2.deleteEmployee" time="6.142" errors="0" timestamp="2025-05-25T17:37:15 WIB" skipped="0">
  <testcase classname="e2e_Tugas2.deleteEmployee" name="DeleteEmployee" time="0.795"/>
  <testcase classname="e2e_Tugas2.deleteEmployee" name="searchEmployee" time="0.956"/>
  <testcase classname="e2e_Tugas2.deleteEmployee" name="getAllEmployee" time="4.391"/>
</testsuite> <!-- e2e_Tugas2.deleteEmployee -->
