<?xml version="1.0" encoding="UTF-8"?>
<!-- Generated by org.testng.reporters.JUnitXMLReporter -->
<testsuite ignored="0" hostname="LAPTOP-6CRS3H6O" failures="1" tests="4" name="E2E" time="4.249" errors="0" timestamp="2025-05-25T15:59:56 WIB">
  <testcase classname="e2e_Tugas2.registerEmployee" name="addEmployee" time="2.568">
    <skipped/>
  </testcase> <!-- addEmployee -->
  <testcase classname="e2e_Tugas2.registerEmployee" name="addEmployee" time="0.828">
    <skipped/>
  </testcase> <!-- addEmployee -->
  <testcase classname="e2e_Tugas2.registerEmployee" name="addEmployee" time="0.804">
    <failure type="java.lang.IllegalArgumentException" message="Schema to use cannot be null">
      <![CDATA[java.lang.IllegalArgumentException: Schema to use cannot be null
at io.restassured.module.jsv.JsonSchemaValidator.validateSchemaIsNotNull(JsonSchemaValidator.java:270)
at io.restassured.module.jsv.JsonSchemaValidator.access$300(JsonSchemaValidator.java:75)
at io.restassured.module.jsv.JsonSchemaValidator$JsonSchemaValidatorFactory.create(JsonSchemaValidator.java:281)
at io.restassured.module.jsv.JsonSchemaValidator.matchesJsonSchema(JsonSchemaValidator.java:166)
at io.restassured.module.jsv.JsonSchemaValidator.matchesJsonSchemaInClasspath(JsonSchemaValidator.java:117)
at e2e_Tugas2.registerEmployee.addEmployee(registerEmployee.java:52)
at java.base/java.util.concurrent.Executors$RunnableAdapter.call(Executors.java:539)
at java.base/java.util.concurrent.FutureTask.run(FutureTask.java:264)
at java.base/java.util.concurrent.ThreadPoolExecutor.runWorker(ThreadPoolExecutor.java:1136)
at java.base/java.util.concurrent.ThreadPoolExecutor$Worker.run(ThreadPoolExecutor.java:635)
at java.base/java.lang.Thread.run(Thread.java:833)
... Removed 11 stack frames]]>
    </failure>
  </testcase> <!-- addEmployee -->
  <testcase classname="e2e_Tugas2.registerEmployee" name="loginEmployee" time="0.0">
    <skipped/>
  </testcase> <!-- loginEmployee -->
</testsuite> <!-- E2E -->
