-------------------------------------------------------------------------------
Test set: TestSuite
-------------------------------------------------------------------------------
Tests run: 5, Failures: 2, Errors: 0, Skipped: 0, Time elapsed: 8.131 s <<< FAILURE! -- in TestSuite
Cucumber.Runners.cucumberRunner.runScenario["", "Employee API"](3) -- Time elapsed: 0.719 s <<< FAILURE!
java.lang.AssertionError: name is null in response object
	at Cucumber.Definitions.employee_Definition.assert_full_name(employee_Definition.java:80)
	at ✽.Name in the response must be "Apple MacBook Pro 1500"(file:///C:/Users/irfan/OneDrive/Documents/Bootcamp/Tugas/Tugas1/Tugas%202/tugas3/src/test/resources/employee.feature:68)

Cucumber.Runners.cucumberRunner.runScenario["", "Employee API"](4) -- Time elapsed: 0.664 s <<< FAILURE!
java.lang.AssertionError: name not expected
	at Cucumber.Definitions.employee_Definition.assert_full_name(employee_Definition.java:81)
	at ✽.Name in the response must be "Apple MacBook Pro 1500"(file:///C:/Users/irfan/OneDrive/Documents/Bootcamp/Tugas/Tugas1/Tugas%202/tugas3/src/test/resources/employee.feature:79)

