<?xml version="1.0" encoding="UTF-8"?>
<testng-results ignored="0" total="5" passed="3" failed="2" skipped="0">
  <reporter-output>
  </reporter-output>
  <suite started-at="2025-06-02T11:30:18 WIB" name="CucumberSuite" finished-at="2025-06-02T11:30:25 WIB" duration-ms="6908">
    <groups>
      <group name="cucumber">
        <method signature="AbstractTestNGCucumberTests.runScenario(io.cucumber.testng.PickleWrapper,io.cucumber.testng.FeatureWrapper)[pri:0, instance:Cucumber.Runners.cucumberRunner@c472300]" name="runScenario" class="io.cucumber.testng.AbstractTestNGCucumberTests"/>
      </group> <!-- cucumber -->
    </groups>
    <test started-at="2025-06-02T11:30:18 WIB" name="CucumberTest" finished-at="2025-06-02T11:30:25 WIB" duration-ms="6908">
      <class name="Cucumber.Runners.cucumberRunner">
        <test-method is-config="true" signature="setUpClass(org.testng.ITestContext)[pri:0, instance:Cucumber.Runners.cucumberRunner@c472300]" started-at="2025-06-02T11:30:18 WIB" name="setUpClass" finished-at="2025-06-02T11:30:18 WIB" duration-ms="250" status="PASS">
          <params>
            <param index="0">
              <value>
                <![CDATA[org.testng.TestRunner@20890a1a]]>
              </value>
            </param>
          </params>
          <reporter-output>
          </reporter-output>
        </test-method> <!-- setUpClass -->
        <test-method signature="runScenario(io.cucumber.testng.PickleWrapper,io.cucumber.testng.FeatureWrapper)[pri:0, instance:Cucumber.Runners.cucumberRunner@c472300]" started-at="2025-06-02T11:30:18 WIB" name="runScenario" description="Runs Cucumber Scenarios" data-provider="scenarios" finished-at="2025-06-02T11:30:21 WIB" duration-ms="3118" status="PASS">
          <params>
            <param index="0">
              <value>
                <![CDATA[""]]>
              </value>
            </param>
            <param index="1">
              <value>
                <![CDATA["Employee API"]]>
              </value>
            </param>
          </params>
          <reporter-output>
          </reporter-output>
        </test-method> <!-- runScenario -->
        <test-method signature="runScenario(io.cucumber.testng.PickleWrapper,io.cucumber.testng.FeatureWrapper)[pri:0, instance:Cucumber.Runners.cucumberRunner@c472300]" started-at="2025-06-02T11:30:21 WIB" name="runScenario" description="Runs Cucumber Scenarios" data-provider="scenarios" finished-at="2025-06-02T11:30:23 WIB" duration-ms="1215" status="PASS">
          <params>
            <param index="0">
              <value>
                <![CDATA[""]]>
              </value>
            </param>
            <param index="1">
              <value>
                <![CDATA["Employee API"]]>
              </value>
            </param>
          </params>
          <reporter-output>
          </reporter-output>
        </test-method> <!-- runScenario -->
        <test-method signature="runScenario(io.cucumber.testng.PickleWrapper,io.cucumber.testng.FeatureWrapper)[pri:0, instance:Cucumber.Runners.cucumberRunner@c472300]" started-at="2025-06-02T11:30:23 WIB" name="runScenario" description="Runs Cucumber Scenarios" data-provider="scenarios" finished-at="2025-06-02T11:30:23 WIB" duration-ms="717" status="FAIL">
          <params>
            <param index="0">
              <value>
                <![CDATA[""]]>
              </value>
            </param>
            <param index="1">
              <value>
                <![CDATA["Employee API"]]>
              </value>
            </param>
          </params>
          <exception class="java.lang.AssertionError">
            <message>
              <![CDATA[name is null in response object]]>
            </message>
            <full-stacktrace>
              <![CDATA[java.lang.AssertionError: name is null in response object
at Cucumber.Definitions.employee_Definition.assert_full_name(employee_Definition.java:80)
at ✽.Name in the response must be "Apple MacBook Pro 1500"(file:///C:/Users/irfan/OneDrive/Documents/Bootcamp/Tugas/Tugas1/Tugas%202/tugas3/src/test/resources/employee.feature:68)
]]>
            </full-stacktrace>
          </exception> <!-- java.lang.AssertionError -->
          <reporter-output>
          </reporter-output>
        </test-method> <!-- runScenario -->
        <test-method signature="runScenario(io.cucumber.testng.PickleWrapper,io.cucumber.testng.FeatureWrapper)[pri:0, instance:Cucumber.Runners.cucumberRunner@c472300]" started-at="2025-06-02T11:30:23 WIB" name="runScenario" description="Runs Cucumber Scenarios" data-provider="scenarios" finished-at="2025-06-02T11:30:24 WIB" duration-ms="664" status="FAIL">
          <params>
            <param index="0">
              <value>
                <![CDATA[""]]>
              </value>
            </param>
            <param index="1">
              <value>
                <![CDATA["Employee API"]]>
              </value>
            </param>
          </params>
          <exception class="java.lang.AssertionError">
            <message>
              <![CDATA[name not expected]]>
            </message>
            <full-stacktrace>
              <![CDATA[java.lang.AssertionError: name not expected
at Cucumber.Definitions.employee_Definition.assert_full_name(employee_Definition.java:81)
at ✽.Name in the response must be "Apple MacBook Pro 1500"(file:///C:/Users/irfan/OneDrive/Documents/Bootcamp/Tugas/Tugas1/Tugas%202/tugas3/src/test/resources/employee.feature:79)
]]>
            </full-stacktrace>
          </exception> <!-- java.lang.AssertionError -->
          <reporter-output>
          </reporter-output>
        </test-method> <!-- runScenario -->
        <test-method signature="runScenario(io.cucumber.testng.PickleWrapper,io.cucumber.testng.FeatureWrapper)[pri:0, instance:Cucumber.Runners.cucumberRunner@c472300]" started-at="2025-06-02T11:30:24 WIB" name="runScenario" description="Runs Cucumber Scenarios" data-provider="scenarios" finished-at="2025-06-02T11:30:25 WIB" duration-ms="682" status="PASS">
          <params>
            <param index="0">
              <value>
                <![CDATA[""]]>
              </value>
            </param>
            <param index="1">
              <value>
                <![CDATA["Employee API"]]>
              </value>
            </param>
          </params>
          <reporter-output>
          </reporter-output>
        </test-method> <!-- runScenario -->
        <test-method is-config="true" signature="tearDownClass()[pri:0, instance:Cucumber.Runners.cucumberRunner@c472300]" started-at="2025-06-02T11:30:25 WIB" name="tearDownClass" finished-at="2025-06-02T11:30:25 WIB" duration-ms="207" status="PASS">
          <reporter-output>
          </reporter-output>
        </test-method> <!-- tearDownClass -->
        <test-method is-config="true" signature="after_suite()[pri:0, instance:Cucumber.Runners.cucumberRunner@c472300]" started-at="2025-06-02T11:30:25 WIB" name="after_suite" finished-at="2025-06-02T11:30:26 WIB" duration-ms="612" status="PASS">
          <reporter-output>
          </reporter-output>
        </test-method> <!-- after_suite -->
      </class> <!-- Cucumber.Runners.cucumberRunner -->
    </test> <!-- CucumberTest -->
  </suite> <!-- CucumberSuite -->
</testng-results>
