<?xml version="1.0" encoding="UTF-8"?>
<testsuite xmlns:xsi="http://www.w3.org/2001/XMLSchema-instance" xsi:noNamespaceSchemaLocation="https://maven.apache.org/surefire/maven-surefire-plugin/xsd/surefire-test-report.xsd" version="3.0.2" name="TestSuite" time="7.685" tests="3" errors="0" skipped="0" failures="0">
  <properties>
[...]
</properties>
  <testcase name="addEmployee" classname="e2e_Tugas2.registerEmployee" time="2.851">
    <system-out><![CDATA[Suite E2E running...
addEmployee starting....
Request method:	POST
Request URI:	https://whitesmokehouse.com/webhook/employee/add
Proxy:			<none>
Request params:	<none>
Query params:	<none>
Form params:	<none>
Path params:	<none>
Headers:		Accept=*/*
				Content-Type=application/json
Cookies:		<none>
Multiparts:		<none>
Body:
{
    "email": "testaFiYiEnN@mail.com",
    "password": "FiYiEnN",
    "full_name": "NameFiYiEnN",
    "department": "Technology",
    "title": "QA"
}
[
    {
        "id": 487,
        "email": "testaFiYiEnN@mail.com",
        "password_hash": "a0e8c1543cacf8054d506d7c81b57a48",
        "full_name": "NameFiYiEnN",
        "department": "Technology",
        "title": "QA",
        "create_at": "2025-05-25T11:30:46.640Z",
        "update_at": "2025-05-25T11:30:46.640Z"
    }
]
C:\apache-maven-3.8.6\boot\plexus-classworlds-2.6.0.jar
]]></system-out>
    <system-err><![CDATA[SLF4J(W): No SLF4J providers were found.
SLF4J(W): Defaulting to no-operation (NOP) logger implementation
SLF4J(W): See https://www.slf4j.org/codes.html#noProviders for further details.
]]></system-err>
  </testcase>
  <testcase name="loginEmployee" classname="e2e_Tugas2.registerEmployee" time="1.292">
    <system-out><![CDATA[loginEmployee starting....
Request method:	POST
Request URI:	https://whitesmokehouse.com/webhook/employee/login
Proxy:			<none>
Request params:	<none>
Query params:	<none>
Form params:	<none>
Path params:	<none>
Headers:		Accept=*/*
				Content-Type=application/json
Cookies:		<none>
Multiparts:		<none>
Body:
{
    "email": "testaFiYiEnN@mail.com",
    "password": "FiYiEnN",
    "full_name": "NameFiYiEnN",
    "department": "Technology",
    "title": "QA"
}
eyJhbGciOiJIUzI1NiIsInR5cCI6IkpXVCJ9.eyJpZCI6IjQ4NyIsImlhdCI6MTc0ODE3MjY0N30.6-k5LsFgdzGLJxg0ZmWbIBxhe9JWoZzc7KaEBwT3HW4
]]></system-out>
  </testcase>
  <testcase name="getAllEmployee" classname="e2e_Tugas2.registerEmployee" time="2.911">
    <system-out><![CDATA[getAllEmployee starting....
Request method:	GET
Request URI:	https://whitesmokehouse.com/webhook/employee/get_all
Proxy:			<none>
Request params:	<none>
Query params:	<none>
Form params:	<none>
Path params:	<none>
Headers:		Accept=*/*
				Content-Type=application/json
Cookies:		<none>
Multiparts:		<none>
Body:			<none>
[
    {
        "full_name": "Rayhan Rendy"
    },
    {
        "full_name": "Albert Simanjuntak"
    },
    {
        "full_name": "Albert Simanjuntak"
    },
    {
        "full_name": "Albert Simanjuntak"
    },
    {
        "full_name": "null"
    },
    {
        "full_name": "E2E Test Full Name"
    },
    {
        "full_name": "E2E Test Full Name"
    },
    {
        "full_name": "Albert Simanjuntak"
    },
    {
        "full_name": "Albert Simanjuntak"
    },
    {
        "full_name": "Albert Simanjuntak"
    },
    {
        "full_name": "Albert Simanjuntak"
    },
    {
        "full_name": "E2E Test Full Name"
    },
    {
        "full_name": "E2E Test Full Name"
    },
    {
        "full_name": "E2E Test Full Name"
    },
    {
        "full_name": "E2E Test Full Name"
    },
    {
        "full_name": "E2E Test Full Name"
    },
    {
        "full_name": "E2E Test Full Name"
    },
    {
        "full_name": "E2E Test Full Name"
    },
    {
        "full_name": "E2E Test Full Name"
    },
    {
        "full_name": "E2E Test Full Name"
    },
    {
        "full_name": "E2E Test Full Name"
    },
    {
        "full_name": "E2E Test Full Name"
    },
    {
        "full_name": "E2E Test Full Name"
    },
    {
        "full_name": "E2E Test Full Name"
    },
    {
        "full_name": "E2E Test Full Name"
    },
    {
        "full_name": "E2E Test Full Name"
    },
    {
        "full_name": "E2E Test Full Name"
    },
    {
        "full_name": "E2E Test Full Name"
    },
    {
        "full_name": "E2E Test Full Name"
    },
    {
        "full_name": "E2E Test Full Name"
    },
    {
        "full_name": "Albert Simanjuntak"
    },
    {
        "full_name": "E2E Test Full Name"
    },
    {
        "full_name": "E2E Test Update PdwBoDdBkI"
    },
    {
        "full_name": "E2E Test Full Name"
    },
    {
        "full_name": "E2E Test Full Name"
    },
    {
        "full_name": "E2E Test Full Name"
    },
    {
        "full_name": "E2E Test Full Name"
    },
    {
        "full_name": "fifi noela"
    },
    {
        "full_name": "Albert Simanjuntak"
    },
    {
        "full_name": "Albert Simanjuntak"
    },
    {
        "full_name": "E2E Test Full Name"
    },
    {
        "full_name": "Albert Simanjuntak"
    },
    {
        "full_name": "Albert Simanjuntak"
    },
    {
        "full_name": "Albert Simanjuntak"
    },
    {
        "full_name": "Albert Simanjuntak"
    },
    {
        "full_name": "Albert Simanjuntak"
    },
    {
        "full_name": "E2E Test Full Name"
    },
    {
        "full_name": "E2E Test Full Name"
    },
    {
        "full_name": "Albert Simanjuntak"
    },
    {
        "full_name": "E2E Test Full Name"
    },
    {
        "full_name": "Albert Simanjuntak"
    },
    {
        "full_name": "E2E Test Full Name"
    },
    {
        "full_name": "Albert Simanjuntak"
    },
    {
        "full_name": "Albert Simanjuntak"
    },
    {
        "full_name": "Albert Simanjuntak"
    },
    {
        "full_name": "Albert Simanjuntak"
    },
    {
        "full_name": "E2E Test Full Name"
    },
    {
        "full_name": "E2E Test Full Name"
    },
    {
        "full_name": "Hairul Hasabi"
    },
    {
        "full_name": "Hairul Hasabi"
    },
    {
        "full_name": "Hairul Hasabi Full Name"
    },
    {
        "full_name": "Hairul Hasabi Full Name"
    },
    {
        "full_name": "Hairul Hasabi Full Name"
    },
    {
        "full_name": "E2E Test Full Name"
    },
    {
        "full_name": "E2E Test Full Name"
    },
    {
        "full_name": "E2E Test Full Name"
    },
    {
        "full_name": "Hairul Hasabi Full Name"
    },
    {
        "full_name": "Hairul Hasabi Full Name"
    },
    {
        "full_name": "Hairul Hasabi Full Name"
    },
    {
        "full_name": "Hairul Hasabi Full Name"
    },
    {
        "full_name": "Hairul Hasabi Full Name"
    },
    {
        "full_name": "Hairul Hasabi Full Name"
    },
    {
        "full_name": "Albert Simanjuntak"
    },
    {
        "full_name": "Hairul Hasabi Full Name"
    },
    {
        "full_name": "Hairul Hasabi Full Name"
    },
    {
        "full_name": "test name"
    },
    {
        "full_name": "Albert Simanjuntak"
    },
    {
        "full_name": "Hairul Hasabi Full Name"
    },
    {
        "full_name": "Hairul Hasabi Full Name"
    },
    {
        "full_name": "Test E2E Full Name"
    },
    {
        "full_name": "Hairul Hasabi Full Name"
    },
    {
        "full_name": "test name"
    },
    {
        "full_name": "test name"
    },
    {
        "full_name": "afteroffice1234"
    },
    {
        "full_name": "Hairul Hasabi Full Name"
    },
    {
        "full_name": "test name"
    },
    {
        "full_name": "test name"
    },
    {
        "full_name": "test name"
    },
    {
        "full_name": "Ini nama yg udh diupdate ya"
    },
    {
        "full_name": "Ini nama yg udh diupdate ya"
    },
    {
        "full_name": "Hairul Hasabi Full Name"
    },
    {
        "full_name": "E2E Test Full Name"
    },
    {
        "full_name": "E2E Test Full Name"
    },
    {
        "full_name": "E2E Test Full Name"
    },
    {
        "full_name": "E2E Test Full Name"
    },
    {
        "full_name": "E2E Test Full Name"
    },
    {
        "full_name": "E2E Test Full Name"
    },
    {
        "full_name": "E2E Test Full Name"
    },
    {
        "full_name": "E2E Test Full Name"
    },
    {
        "full_name": "E2E Test Full Name"
    },
    {
        "full_name": "E2E Test Full Name"
    },
    {
        "full_name": "E2E Test Full Name"
    },
    {
        "full_name": "E2E Test Full Name"
    },
    {
        "full_name": "E2E Test Full Name"
    },
    {
        "full_name": "E2E Test Full Name"
    },
    {
        "full_name": "E2E Test Full Name"
    },
    {
        "full_name": "E2E Test Full Name"
    },
    {
        "full_name": "E2E Test Full Name"
    },
    {
        "full_name": "E2E Test Full Name"
    },
    {
        "full_name": "E2E Test Full Name"
    },
    {
        "full_name": "test name"
    },
    {
        "full_name": "E2E Test Full Name"
    },
    {
        "full_name": "Azhar Test Register 2"
    },
    {
        "full_name": "E2E Test Full Name"
    },
    {
        "full_name": "E2E Test Update pPhqZGSqCX"
    },
    {
        "full_name": "Budi "
    },
    {
        "full_name": "Budi "
    },
    {
        "full_name": "Budi "
    },
    {
        "full_name": "Budi"
    },
    {
        "full_name": "Budi"
    },
    {
        "full_name": "Budi"
    },
    {
        "full_name": "afteroffice1234"
    },
    {
        "full_name": "E2E Test Full Name"
    },
    {
        "full_name": "E2E Test Full Name"
    },
    {
        "full_name": "E2E Test Full Name"
    },
    {
        "full_name": "Widya"
    },
    {
        "full_name": "Widya"
    },
    {
        "full_name": "Widya"
    },
    {
        "full_name": "widyu"
    },
    {
        "full_name": "Widya"
    },
    {
        "full_name": "Widya"
    },
    {
        "full_name": "Novaliza"
    },
    {
        "full_name": "Novaliza"
    },
    {
        "full_name": "Fernando Dian"
    },
    {
        "full_name": "Fernando Dian"
    },
    {
        "full_name": "Fernando Dian"
    },
    {
        "full_name": "Widya"
    },
    {
        "full_name": "Fernando Dian k"
    },
    {
        "full_name": "Fernando Dian k"
    },
    {
        "full_name": "Fernando Dian k"
    },
    {
        "full_name": "Fernando Dian k"
    },
    {
        "full_name": "Fernando Dian k"
    },
    {
        "full_name": "Novaliza01"
    },
    {
        "full_name": "E2E Test Full Name"
    },
    {
        "full_name": "Azhar Test Register"
    },
    {
        "full_name": "Azhar Test Register"
    },
    {
        "full_name": "E2E Test Full Name"
    },
    {
        "full_name": "E2E Test Full Name"
    },
    {
        "full_name": "E2E Test Full Name"
    },
    {
        "full_name": "E2E Test Full Name"
    },
    {
        "full_name": "John Doe"
    },
    {
        "full_name": "User Test"
    },
    {
        "full_name": "User Test 1"
    },
    {
        "full_name": "E2E Test Full Name"
    },
    {
        "full_name": "Azhar Test Register"
    },
    {
        "full_name": "Azhar Test Register"
    },
    {
        "full_name": "Azhar Test Register"
    },
    {
        "full_name": "Azhar Test Register"
    },
    {
        "full_name": "NamebbwClOF"
    },
    {
        "full_name": "NameyhBWrrL"
    },
    {
        "full_name": "NamewjRynnD"
    },
    {
        "full_name": "NamezLNmfCe"
    },
    {
        "full_name": "NameRUhOMQn"
    },
    {
        "full_name": "User Test 1748162064028"
    },
    {
        "full_name": "User Test 1748162535441"
    },
    {
        "full_name": "User Test 1748162762399"
    },
    {
        "full_name": "User Test 1748163004870"
    },
    {
        "full_name": "User Test 1748163199141"
    },
    {
        "full_name": "User Test 1748163473623"
    },
    {
        "full_name": "User Test 1748163548989"
    },
    {
        "full_name": "NameKuUnEmd"
    },
    {
        "full_name": "User Test 1748163660478"
    },
    {
        "full_name": "NameYWcOjfn"
    },
    {
        "full_name": "NameTQvtIDb"
    },
    {
        "full_name": "NameOhmuKMt"
    },
    {
        "full_name": "NameCsQTICo"
    },
    {
        "full_name": "NameTETbMOI"
    },
    {
        "full_name": "NameeHHHvYD"
    },
    {
        "full_name": "User Test 1748165487093"
    },
    {
        "full_name": "User Test 1748165573936"
    },
    {
        "full_name": "NameJyLvdUs"
    },
    {
        "full_name": "NameiVqDqds"
    },
    {
        "full_name": "User Test 1748167063697"
    },
    {
        "full_name": "NamepWKHSug"
    },
    {
        "full_name": "NameNqdAKJY"
    },
    {
        "full_name": "User Test 1748167319040"
    },
    {
        "full_name": "NameYoSlZIB"
    },
    {
        "full_name": "NamenrnLDbm"
    },
    {
        "full_name": "Updated User Test 1748167815336"
    },
    {
        "full_name": "Updated User Test 1748167905366"
    },
    {
        "full_name": "NamexjbEiKB"
    },
    {
        "full_name": "Updated User Test 1748168438230"
    },
    {
        "full_name": "Updated User Test 1748168698894"
    },
    {
        "full_name": "NamerTdyKlW"
    },
    {
        "full_name": "NamecehbHPl"
    },
    {
        "full_name": "NamenAipmJC"
    },
    {
        "full_name": "NamemBoJOgV"
    },
    {
        "full_name": "NameCBaoxds"
    },
    {
        "full_name": "NameFiYiEnN"
    }
]
]]></system-out>
  </testcase>
</testsuite>