<?xml version="1.0" encoding="UTF-8"?>
<!-- Generated by org.testng.reporters.JUnitReportReporter -->
<testsuite hostname="LAPTOP-6CRS3H6O" failures="0" tests="5" name="Cucumber.Runners.cucumberRunner" time="6.997" errors="2" timestamp="2025-05-31T18:00:11 WIB" skipped="0">
  <testcase classname="Cucumber.Runners.cucumberRunner" name="runScenario" time="3.546"/>
  <testcase classname="Cucumber.Runners.cucumberRunner" name="runScenario" time="0.767">
    <error message="Cannot deserialize value of type `java.util.ArrayList&lt;com.tugas2.program.Model.response_model.addObjectResponse&gt;` from Object value (token `JsonToken.START_OBJECT`)
 at [Source: REDACTED (`StreamReadFeature.INCLUDE_SOURCE_IN_LOCATION` disabled); line: 1, column: 1]" type="com.fasterxml.jackson.databind.exc.MismatchedInputException">
      <![CDATA[com.fasterxml.jackson.databind.exc.MismatchedInputException: Cannot deserialize value of type `java.util.ArrayList<com.tugas2.program.Model.response_model.addObjectResponse>` from Object value (token `JsonToken.START_OBJECT`)
 at [Source: REDACTED (`StreamReadFeature.INCLUDE_SOURCE_IN_LOCATION` disabled); line: 1, column: 1]
at com.fasterxml.jackson.databind.exc.MismatchedInputException.from(MismatchedInputException.java:59)
at com.fasterxml.jackson.databind.DeserializationContext.reportInputMismatch(DeserializationContext.java:1794)
at com.fasterxml.jackson.databind.DeserializationContext.handleUnexpectedToken(DeserializationContext.java:1568)
at com.fasterxml.jackson.databind.DeserializationContext.handleUnexpectedToken(DeserializationContext.java:1515)
at com.fasterxml.jackson.databind.deser.std.CollectionDeserializer.handleNonArray(CollectionDeserializer.java:401)
at com.fasterxml.jackson.databind.deser.std.CollectionDeserializer.deserialize(CollectionDeserializer.java:253)
at com.fasterxml.jackson.databind.deser.std.CollectionDeserializer.deserialize(CollectionDeserializer.java:29)
at com.fasterxml.jackson.databind.deser.DefaultDeserializationContext.readRootValue(DefaultDeserializationContext.java:342)
at com.fasterxml.jackson.databind.ObjectMapper._readMapAndClose(ObjectMapper.java:4971)
at com.fasterxml.jackson.databind.ObjectMapper.readValue(ObjectMapper.java:3887)
at com.fasterxml.jackson.databind.ObjectMapper.readValue(ObjectMapper.java:3870)
at Cucumber.Definitions.employee_Definition.assert_full_name(employee_Definition.java:74)
at ✽.Name in the response must be "Apple MacBook Pro 1500"(file:///C:/Users/irfan/OneDrive/Documents/Bootcamp/Tugas/Tugas1/Tugas%202/tugas3/src/test/resources/employee.feature:68)
]]>
    </error>
  </testcase> <!-- runScenario -->
  <testcase classname="Cucumber.Runners.cucumberRunner" name="runScenario" time="0.675">
    <error message="Cannot deserialize value of type `java.util.ArrayList&lt;com.tugas2.program.Model.response_model.addObjectResponse&gt;` from Object value (token `JsonToken.START_OBJECT`)
 at [Source: REDACTED (`StreamReadFeature.INCLUDE_SOURCE_IN_LOCATION` disabled); line: 1, column: 1]" type="com.fasterxml.jackson.databind.exc.MismatchedInputException">
      <![CDATA[com.fasterxml.jackson.databind.exc.MismatchedInputException: Cannot deserialize value of type `java.util.ArrayList<com.tugas2.program.Model.response_model.addObjectResponse>` from Object value (token `JsonToken.START_OBJECT`)
 at [Source: REDACTED (`StreamReadFeature.INCLUDE_SOURCE_IN_LOCATION` disabled); line: 1, column: 1]
at com.fasterxml.jackson.databind.exc.MismatchedInputException.from(MismatchedInputException.java:59)
at com.fasterxml.jackson.databind.DeserializationContext.reportInputMismatch(DeserializationContext.java:1794)
at com.fasterxml.jackson.databind.DeserializationContext.handleUnexpectedToken(DeserializationContext.java:1568)
at com.fasterxml.jackson.databind.DeserializationContext.handleUnexpectedToken(DeserializationContext.java:1515)
at com.fasterxml.jackson.databind.deser.std.CollectionDeserializer.handleNonArray(CollectionDeserializer.java:401)
at com.fasterxml.jackson.databind.deser.std.CollectionDeserializer.deserialize(CollectionDeserializer.java:253)
at com.fasterxml.jackson.databind.deser.std.CollectionDeserializer.deserialize(CollectionDeserializer.java:29)
at com.fasterxml.jackson.databind.deser.DefaultDeserializationContext.readRootValue(DefaultDeserializationContext.java:342)
at com.fasterxml.jackson.databind.ObjectMapper._readMapAndClose(ObjectMapper.java:4971)
at com.fasterxml.jackson.databind.ObjectMapper.readValue(ObjectMapper.java:3887)
at com.fasterxml.jackson.databind.ObjectMapper.readValue(ObjectMapper.java:3870)
at Cucumber.Definitions.employee_Definition.assert_full_name(employee_Definition.java:74)
at ✽.Name in the response must be "Apple MacBook Pro 1500"(file:///C:/Users/irfan/OneDrive/Documents/Bootcamp/Tugas/Tugas1/Tugas%202/tugas3/src/test/resources/employee.feature:79)
]]>
    </error>
  </testcase> <!-- runScenario -->
  <testcase classname="Cucumber.Runners.cucumberRunner" name="runScenario" time="0.634"/>
  <testcase classname="Cucumber.Runners.cucumberRunner" name="runScenario" time="1.375"/>
</testsuite> <!-- Cucumber.Runners.cucumberRunner -->
