<?xml version="1.0" encoding="UTF-8"?>
<!-- Generated by org.testng.reporters.JUnitReportReporter -->
<testsuite hostname="LAPTOP-6CRS3H6O" failures="0" tests="3" name="e2e_Tugas2.registerEmployee" time="7.053" errors="0" timestamp="2025-05-25T18:30:51 WIB" skipped="0">
  <testcase classname="e2e_Tugas2.registerEmployee" name="loginEmployee" time="1.292"/>
  <testcase classname="e2e_Tugas2.registerEmployee" name="addEmployee" time="2.851"/>
  <testcase classname="e2e_Tugas2.registerEmployee" name="getAllEmployee" time="2.910"/>
</testsuite> <!-- e2e_Tugas2.registerEmployee -->
