<?xml version="1.0" encoding="UTF-8"?>
<!-- Generated by org.testng.reporters.JUnitReportReporter -->
<testsuite hostname="LAPTOP-6CRS3H6O" failures="2" tests="5" name="Cucumber.Runners.cucumberRunner" time="6.396" errors="0" timestamp="2025-06-02T11:30:26 WIB" skipped="0">
  <testcase classname="Cucumber.Runners.cucumberRunner" name="runScenario" time="3.118"/>
  <testcase classname="Cucumber.Runners.cucumberRunner" name="runScenario" time="0.664">
    <failure message="name not expected" type="java.lang.AssertionError">
      <![CDATA[java.lang.AssertionError: name not expected
at Cucumber.Definitions.employee_Definition.assert_full_name(employee_Definition.java:81)
at ✽.Name in the response must be "Apple MacBook Pro 1500"(file:///C:/Users/irfan/OneDrive/Documents/Bootcamp/Tugas/Tugas1/Tugas%202/tugas3/src/test/resources/employee.feature:79)
]]>
    </failure>
  </testcase> <!-- runScenario -->
  <testcase classname="Cucumber.Runners.cucumberRunner" name="runScenario" time="1.215"/>
  <testcase classname="Cucumber.Runners.cucumberRunner" name="runScenario" time="0.682"/>
  <testcase classname="Cucumber.Runners.cucumberRunner" name="runScenario" time="0.717">
    <failure message="name is null in response object" type="java.lang.AssertionError">
      <![CDATA[java.lang.AssertionError: name is null in response object
at Cucumber.Definitions.employee_Definition.assert_full_name(employee_Definition.java:80)
at ✽.Name in the response must be "Apple MacBook Pro 1500"(file:///C:/Users/irfan/OneDrive/Documents/Bootcamp/Tugas/Tugas1/Tugas%202/tugas3/src/test/resources/employee.feature:68)
]]>
    </failure>
  </testcase> <!-- runScenario -->
</testsuite> <!-- Cucumber.Runners.cucumberRunner -->
