<?xml version="1.0" encoding="UTF-8"?>
<testng-results ignored="0" total="3" passed="3" failed="0" skipped="0">
  <reporter-output>
  </reporter-output>
  <suite started-at="2025-05-25T18:30:44 WIB" name="E2ESuite" finished-at="2025-05-25T18:30:51 WIB" duration-ms="7113">
    <groups>
      <group name="assertEmployeeRegister">
        <method signature="registerEmployee.getAllEmployee()[pri:0, instance:e2e_Tugas2.registerEmployee@545d2560]" name="getAllEmployee" class="e2e_Tugas2.registerEmployee"/>
      </group> <!-- assertEmployeeRegister -->
    </groups>
    <test started-at="2025-05-25T18:30:44 WIB" name="E2E" finished-at="2025-05-25T18:30:51 WIB" duration-ms="7113">
      <class name="e2e_Tugas2.registerEmployee">
        <test-method is-config="true" signature="beforeSuite()[pri:0, instance:e2e_Tugas2.registerEmployee@545d2560]" started-at="2025-05-25T18:30:44 WIB" name="beforeSuite" finished-at="2025-05-25T18:30:44 WIB" duration-ms="42" status="PASS">
          <reporter-output>
          </reporter-output>
        </test-method> <!-- beforeSuite -->
        <test-method signature="addEmployee()[pri:0, instance:e2e_Tugas2.registerEmployee@545d2560]" started-at="2025-05-25T18:30:44 WIB" name="addEmployee" finished-at="2025-05-25T18:30:47 WIB" duration-ms="2851" status="PASS">
          <reporter-output>
          </reporter-output>
        </test-method> <!-- addEmployee -->
        <test-method signature="loginEmployee()[pri:0, instance:e2e_Tugas2.registerEmployee@545d2560]" started-at="2025-05-25T18:30:47 WIB" name="loginEmployee" finished-at="2025-05-25T18:30:48 WIB" depends-on-methods="e2e_Tugas2.registerEmployee.addEmployee" duration-ms="1292" status="PASS">
          <reporter-output>
          </reporter-output>
        </test-method> <!-- loginEmployee -->
        <test-method signature="getAllEmployee()[pri:0, instance:e2e_Tugas2.registerEmployee@545d2560]" started-at="2025-05-25T18:30:48 WIB" name="getAllEmployee" finished-at="2025-05-25T18:30:51 WIB" depends-on-methods="e2e_Tugas2.registerEmployee.loginEmployee" duration-ms="2910" status="PASS">
          <reporter-output>
          </reporter-output>
        </test-method> <!-- getAllEmployee -->
      </class> <!-- e2e_Tugas2.registerEmployee -->
    </test> <!-- E2E -->
  </suite> <!-- E2ESuite -->
</testng-results>
