<?xml version="1.0" encoding="UTF-8"?>
<testng-results ignored="0" total="6" passed="6" failed="0" skipped="0">
  <reporter-output>
  </reporter-output>
  <suite started-at="2025-05-25T17:13:09 WIB" name="E2ESuite" finished-at="2025-05-25T17:13:20 WIB" duration-ms="10335">
    <groups>
      <group name="assertEmployeeRegister">
        <method signature="registerEmployee.getAllEmployee()[pri:0, instance:e2e_Tugas2.registerEmployee@2a39aa2b]" name="getAllEmployee" class="e2e_Tugas2.registerEmployee"/>
      </group> <!-- assertEmployeeRegister -->
    </groups>
    <test started-at="2025-05-25T17:13:09 WIB" name="E2E" finished-at="2025-05-25T17:13:20 WIB" duration-ms="10335">
      <class name="e2e_Tugas2.deleteEmployee">
        <test-method signature="DeleteEmployee()[pri:0, instance:e2e_Tugas2.deleteEmployee@51ab1ee3]" started-at="2025-05-25T17:13:16 WIB" name="DeleteEmployee" depends-on-groups="assertEmployeeRegister" finished-at="2025-05-25T17:13:17 WIB" duration-ms="651" status="PASS">
          <reporter-output>
          </reporter-output>
        </test-method> <!-- DeleteEmployee -->
        <test-method signature="searchEmployee()[pri:0, instance:e2e_Tugas2.deleteEmployee@51ab1ee3]" started-at="2025-05-25T17:13:17 WIB" name="searchEmployee" finished-at="2025-05-25T17:13:18 WIB" depends-on-methods="e2e_Tugas2.deleteEmployee.DeleteEmployee" duration-ms="716" status="PASS">
          <reporter-output>
          </reporter-output>
        </test-method> <!-- searchEmployee -->
        <test-method signature="getAllEmployee()[pri:0, instance:e2e_Tugas2.deleteEmployee@51ab1ee3]" started-at="2025-05-25T17:13:17 WIB" name="getAllEmployee" finished-at="2025-05-25T17:13:20 WIB" depends-on-methods="e2e_Tugas2.deleteEmployee.DeleteEmployee" duration-ms="2541" status="PASS">
          <reporter-output>
          </reporter-output>
        </test-method> <!-- getAllEmployee -->
      </class> <!-- e2e_Tugas2.deleteEmployee -->
      <class name="e2e_Tugas2.registerEmployee">
        <test-method is-config="true" signature="beforeSuite()[pri:0, instance:e2e_Tugas2.registerEmployee@2a39aa2b]" started-at="2025-05-25T17:13:09 WIB" name="beforeSuite" finished-at="2025-05-25T17:13:09 WIB" duration-ms="63" status="PASS">
          <reporter-output>
          </reporter-output>
        </test-method> <!-- beforeSuite -->
        <test-method signature="addEmployee()[pri:0, instance:e2e_Tugas2.registerEmployee@2a39aa2b]" started-at="2025-05-25T17:13:09 WIB" name="addEmployee" finished-at="2025-05-25T17:13:12 WIB" duration-ms="2773" status="PASS">
          <reporter-output>
          </reporter-output>
        </test-method> <!-- addEmployee -->
        <test-method signature="loginEmployee()[pri:0, instance:e2e_Tugas2.registerEmployee@2a39aa2b]" started-at="2025-05-25T17:13:12 WIB" name="loginEmployee" finished-at="2025-05-25T17:13:13 WIB" depends-on-methods="e2e_Tugas2.registerEmployee.addEmployee" duration-ms="1282" status="PASS">
          <reporter-output>
          </reporter-output>
        </test-method> <!-- loginEmployee -->
        <test-method signature="getAllEmployee()[pri:0, instance:e2e_Tugas2.registerEmployee@2a39aa2b]" started-at="2025-05-25T17:13:13 WIB" name="getAllEmployee" finished-at="2025-05-25T17:13:16 WIB" depends-on-methods="e2e_Tugas2.registerEmployee.loginEmployee" duration-ms="3026" status="PASS">
          <reporter-output>
          </reporter-output>
        </test-method> <!-- getAllEmployee -->
      </class> <!-- e2e_Tugas2.registerEmployee -->
    </test> <!-- E2E -->
  </suite> <!-- E2ESuite -->
</testng-results>
