<?xml version="1.0" encoding="UTF-8"?>
<testsuite xmlns:xsi="http://www.w3.org/2001/XMLSchema-instance" xsi:noNamespaceSchemaLocation="https://maven.apache.org/surefire/maven-surefire-plugin/xsd/surefire-test-report.xsd" version="3.0.2" name="TestSuite" time="10.176" tests="7" errors="0" skipped="0" failures="0">
  <properties>
[...]
</properties>
  <testcase name="addEmployee" classname="e2e_Tugas2.registerEmployee" time="3.058">
    <system-out><![CDATA[Suite E2E running...
addEmployee starting....
Request method:	POST
Request URI:	https://whitesmokehouse.com/webhook/employee/add
Proxy:			<none>
Request params:	<none>
Query params:	<none>
Form params:	<none>
Path params:	<none>
Headers:		Accept=*/*
				Content-Type=application/json
Cookies:		<none>
Multiparts:		<none>
Body:
{
    "email": "e2etestuBdEmEJuMb@mail.com",
    "password": "password",
    "full_name": "E2E Test Full Name uBdEmEJuMb",
    "department": "Technology",
    "title": "QA"
}
[
    {
        "id": 397,
        "email": "e2etestuBdEmEJuMb@mail.com",
        "password_hash": "5f4dcc3b5aa765d61d8327deb882cf99",
        "full_name": "E2E Test Full Name uBdEmEJuMb",
        "department": "Technology",
        "title": "QA",
        "create_at": "2025-05-25T01:45:26.722Z",
        "update_at": "2025-05-25T01:45:26.722Z"
    }
]
]]></system-out>
    <system-err><![CDATA[SLF4J(W): No SLF4J providers were found.
SLF4J(W): Defaulting to no-operation (NOP) logger implementation
SLF4J(W): See https://www.slf4j.org/codes.html#noProviders for further details.
]]></system-err>
  </testcase>
  <testcase name="loginEmployee" classname="e2e_Tugas2.registerEmployee" time="0.866">
    <system-out><![CDATA[loginEmployee starting....
Request method:	POST
Request URI:	https://whitesmokehouse.com/webhook/employee/login
Proxy:			<none>
Request params:	<none>
Query params:	<none>
Form params:	<none>
Path params:	<none>
Headers:		Accept=*/*
				Content-Type=application/json
Cookies:		<none>
Multiparts:		<none>
Body:
{
    "email": "e2etestuBdEmEJuMb@mail.com",
    "password": "password"
}
[
    {
        "token": "eyJhbGciOiJIUzI1NiIsInR5cCI6IkpXVCJ9.eyJpZCI6IjM5NyIsImlhdCI6MTc0ODEzNzUyOH0.s5mPd0u9HoSdG3hIwhlQrZykNryD4-z81x3ObTneG14"
    }
]
]]></system-out>
  </testcase>
  <testcase name="searchEmployee" classname="e2e_Tugas2.registerEmployee" time="0.929">
    <system-out><![CDATA[getAllEmployee starting....
searchEmployee starting....
Request method:	GET
Request URI:	https://whitesmokehouse.com/webhook/employee/get_all
Proxy:			<none>
Request params:	<none>
Query params:	<none>
Form params:	<none>
Path params:	<none>
Headers:		Accept=*/*
				Content-Type=application/json
Cookies:		<none>
Multiparts:		<none>
Body:			<none>
Request method:	GET
Request URI:	https://whitesmokehouse.com/webhook/41a9698d-d8b0-42df-9ddc-89c0a1a1aa79/employee/search/E2E%20Test%20Full%20Name%20uBdEmEJuMb
Proxy:			<none>
Request params:	<none>
Query params:	<none>
Form params:	<none>
Path params:	<none>
Headers:		Accept=*/*
				Content-Type=application/json
Cookies:		<none>
Multiparts:		<none>
Body:			<none>
[
    {
        "full_name": "Rayhan Rendy"
    },
    {
        "full_name": "Albert Simanjuntak"
    },
    {
        "full_name": "Albert Simanjuntak"
    },
    {
        "full_name": "Albert Simanjuntak"
    },
    {
        "full_name": "null"
    },
    {
        "full_name": "E2E Test Full Name"
    },
    {
        "full_name": "E2E Test Full Name"
    },
    {
        "full_name": "Albert Simanjuntak"
    },
    {
        "full_name": "Albert Simanjuntak"
    },
    {
        "full_name": "Albert Simanjuntak"
    },
    {
        "full_name": "Albert Simanjuntak"
    },
    {
        "full_name": "E2E Test Full Name"
    },
    {
        "full_name": "E2E Test Full Name"
    },
    {
        "full_name": "E2E Test Full Name"
    },
    {
        "full_name": "E2E Test Full Name"
    },
    {
        "full_name": "E2E Test Full Name"
    },
    {
        "full_name": "E2E Test Full Name"
    },
    {
        "full_name": "E2E Test Full Name"
    },
    {
        "full_name": "E2E Test Full Name"
    },
    {
        "full_name": "E2E Test Full Name"
    },
    {
        "full_name": "E2E Test Full Name"
    },
    {
        "full_name": "E2E Test Full Name"
    },
    {
        "full_name": "E2E Test Full Name"
    },
    {
        "full_name": "E2E Test Full Name"
    },
    {
        "full_name": "E2E Test Full Name"
    },
    {
        "full_name": "E2E Test Full Name"
    },
    {
        "full_name": "E2E Test Full Name"
    },
    {
        "full_name": "E2E Test Full Name"
    },
    {
        "full_name": "E2E Test Full Name"
    },
    {
        "full_name": "E2E Test Full Name"
    },
    {
        "full_name": "Albert Simanjuntak"
    },
    {
        "full_name": "E2E Test Full Name"
    },
    {
        "full_name": "E2E Test Update PdwBoDdBkI"
    },
    {
        "full_name": "E2E Test Full Name"
    },
    {
        "full_name": "E2E Test Full Name"
    },
    {
        "full_name": "E2E Test Full Name"
    },
    {
        "full_name": "E2E Test Full Name"
    },
    {
        "full_name": "fifi noela"
    },
    {
        "full_name": "Albert Simanjuntak"
    },
    {
        "full_name": "Albert Simanjuntak"
    },
    {
        "full_name": "E2E Test Full Name"
    },
    {
        "full_name": "Albert Simanjuntak"
    },
    {
        "full_name": "Albert Simanjuntak"
    },
    {
        "full_name": "Albert Simanjuntak"
    },
    {
        "full_name": "Albert Simanjuntak"
    },
    {
        "full_name": "Albert Simanjuntak"
    },
    {
        "full_name": "E2E Test Full Name"
    },
    {
        "full_name": "E2E Test Full Name"
    },
    {
        "full_name": "Albert Simanjuntak"
    },
    {
        "full_name": "E2E Test Full Name"
    },
    {
        "full_name": "Albert Simanjuntak"
    },
    {
        "full_name": "E2E Test Full Name"
    },
    {
        "full_name": "Albert Simanjuntak"
    },
    {
        "full_name": "Albert Simanjuntak"
    },
    {
        "full_name": "Albert Simanjuntak"
    },
    {
        "full_name": "Albert Simanjuntak"
    },
    {
        "full_name": "E2E Test Full Name"
    },
    {
        "full_name": "E2E Test Full Name"
    },
    {
        "full_name": "Hairul Hasabi"
    },
    {
        "full_name": "Hairul Hasabi"
    },
    {
        "full_name": "Hairul Hasabi Full Name"
    },
    {
        "full_name": "Hairul Hasabi Full Name"
    },
    {
        "full_name": "Hairul Hasabi Full Name"
    },
    {
        "full_name": "E2E Test Full Name"
    },
    {
        "full_name": "E2E Test Full Name"
    },
    {
        "full_name": "E2E Test Full Name"
    },
    {
        "full_name": "Hairul Hasabi Full Name"
    },
    {
        "full_name": "Hairul Hasabi Full Name"
    },
    {
        "full_name": "Hairul Hasabi Full Name"
    },
    {
        "full_name": "Hairul Hasabi Full Name"
    },
    {
        "full_name": "Hairul Hasabi Full Name"
    },
    {
        "full_name": "Hairul Hasabi Full Name"
    },
    {
        "full_name": "Albert Simanjuntak"
    },
    {
        "full_name": "Hairul Hasabi Full Name"
    },
    {
        "full_name": "Hairul Hasabi Full Name"
    },
    {
        "full_name": "test name"
    },
    {
        "full_name": "Albert Simanjuntak"
    },
    {
        "full_name": "Hairul Hasabi Full Name"
    },
    {
        "full_name": "Hairul Hasabi Full Name"
    },
    {
        "full_name": "Test E2E Full Name"
    },
    {
        "full_name": "Hairul Hasabi Full Name"
    },
    {
        "full_name": "test name"
    },
    {
        "full_name": "test name"
    },
    {
        "full_name": "afteroffice1234"
    },
    {
        "full_name": "Hairul Hasabi Full Name"
    },
    {
        "full_name": "test name"
    },
    {
        "full_name": "test name"
    },
    {
        "full_name": "test name"
    },
    {
        "full_name": "Ini nama yg udh diupdate ya"
    },
    {
        "full_name": "Ini nama yg udh diupdate ya"
    },
    {
        "full_name": "Hairul Hasabi Full Name"
    },
    {
        "full_name": "E2E Test Full Name"
    },
    {
        "full_name": "E2E Test Full Name"
    },
    {
        "full_name": "E2E Test Full Name"
    },
    {
        "full_name": "E2E Test Full Name"
    },
    {
        "full_name": "E2E Test Full Name"
    },
    {
        "full_name": "E2E Test Full Name"
    },
    {
        "full_name": "E2E Test Full Name"
    },
    {
        "full_name": "E2E Test Full Name"
    },
    {
        "full_name": "E2E Test Full Name"
    },
    {
        "full_name": "E2E Test Full Name"
    },
    {
        "full_name": "E2E Test Full Name"
    },
    {
        "full_name": "E2E Test Full Name"
    },
    {
        "full_name": "E2E Test Full Name"
    },
    {
        "full_name": "E2E Test Full Name"
    },
    {
        "full_name": "E2E Test Full Name"
    },
    {
        "full_name": "E2E Test Full Name"
    },
    {
        "full_name": "E2E Test Full Name"
    },
    {
        "full_name": "E2E Test Full Name"
    },
    {
        "full_name": "E2E Test Full Name"
    },
    {
        "full_name": "test name"
    },
    {
        "full_name": "E2E Test Full Name"
    },
    {
        "full_name": "Azhar Test Register"
    },
    {
        "full_name": "E2E Test Full Name"
    },
    {
        "full_name": "E2E Test Update pPhqZGSqCX"
    },
    {
        "full_name": "Budi "
    },
    {
        "full_name": "Budi "
    },
    {
        "full_name": "Budi "
    },
    {
        "full_name": "Budi"
    },
    {
        "full_name": "Budi"
    },
    {
        "full_name": "Budi"
    },
    {
        "full_name": "afteroffice1234"
    },
    {
        "full_name": "E2E Test Full Name"
    },
    {
        "full_name": "E2E Test Full Name"
    },
    {
        "full_name": "E2E Test Full Name"
    },
    {
        "full_name": "Widya"
    },
    {
        "full_name": "Widya"
    },
    {
        "full_name": "Widya"
    },
    {
        "full_name": "widyu"
    },
    {
        "full_name": "Widya"
    },
    {
        "full_name": "Widya"
    },
    {
        "full_name": "Novaliza"
    },
    {
        "full_name": "Novaliza"
    },
    {
        "full_name": "Fernando Dian"
    },
    {
        "full_name": "Fernando Dian"
    },
    {
        "full_name": "Fernando Dian"
    },
    {
        "full_name": "Widya"
    },
    {
        "full_name": "Fernando Dian k"
    },
    {
        "full_name": "Fernando Dian k"
    },
    {
        "full_name": "Fernando Dian k"
    },
    {
        "full_name": "Fernando Dian k"
    },
    {
        "full_name": "Fernando Dian k"
    },
    {
        "full_name": "Novaliza01"
    },
    {
        "full_name": "E2E Test Full Name"
    },
    {
        "full_name": "Azhar Test Register"
    },
    {
        "full_name": "Azhar Test Register"
    },
    {
        "full_name": "E2E Test Full Name"
    },
    {
        "full_name": "E2E Test Full Name"
    },
    {
        "full_name": "E2E Test Full Name"
    },
    {
        "full_name": "E2E Test Full Name"
    },
    {
        "full_name": "John Doe"
    },
    {
        "full_name": "User Test"
    },
    {
        "full_name": "User Test 1"
    },
    {
        "full_name": "E2E Test Full Name"
    },
    {
        "full_name": "Azhar Test Register"
    },
    {
        "full_name": "E2E Test Full Name uBdEmEJuMb"
    }
]
[
    {
        "query": "E2E Test Full Name uBdEmEJuMb",
        "result": [
            {
                "full_name": "E2E Test Full Name uBdEmEJuMb",
                "department": "Technology",
                "title": "QA"
            }
        ]
    }
]
]]></system-out>
  </testcase>
  <testcase name="getAllEmployee" classname="e2e_Tugas2.registerEmployee" time="2.703"/>
  <testcase name="DeleteEmployee" classname="e2e_Tugas2.deleteEmployee" time="0.788">
    <system-out><![CDATA[deleteEmployee starting....
Request method:	DELETE
Request URI:	https://whitesmokehouse.com/webhook/employee/delete
Proxy:			<none>
Request params:	<none>
Query params:	<none>
Form params:	<none>
Path params:	<none>
Headers:		Authorization=Bearer eyJhbGciOiJIUzI1NiIsInR5cCI6IkpXVCJ9.eyJpZCI6IjM5NyIsImlhdCI6MTc0ODEzNzUyOH0.s5mPd0u9HoSdG3hIwhlQrZykNryD4-z81x3ObTneG14
				Accept=*/*
Cookies:		<none>
Multiparts:		<none>
Body:			<none>
]]></system-out>
  </testcase>
  <testcase name="searchEmployee" classname="e2e_Tugas2.deleteEmployee" time="0.874">
    <system-out><![CDATA[searchEmployee starting....
getAllEmployee starting....
Request method:	GET
Request URI:	https://whitesmokehouse.com/webhook/employee/get_all
Proxy:			<none>
Request params:	<none>
Query params:	<none>
Form params:	<none>
Path params:	<none>
Headers:		Accept=*/*
				Content-Type=application/json
Cookies:		<none>
Multiparts:		<none>
Body:			<none>
Request method:	GET
Request URI:	https://whitesmokehouse.com/webhook/41a9698d-d8b0-42df-9ddc-89c0a1a1aa79/employee/search/E2E%20Test%20Full%20Name%20uBdEmEJuMb
Proxy:			<none>
Request params:	<none>
Query params:	<none>
Form params:	<none>
Path params:	<none>
Headers:		Accept=*/*
				Content-Type=application/json
Cookies:		<none>
Multiparts:		<none>
Body:			<none>
[
    {
        "full_name": "Rayhan Rendy"
    },
    {
        "full_name": "Albert Simanjuntak"
    },
    {
        "full_name": "Albert Simanjuntak"
    },
    {
        "full_name": "Albert Simanjuntak"
    },
    {
        "full_name": "null"
    },
    {
        "full_name": "E2E Test Full Name"
    },
    {
        "full_name": "E2E Test Full Name"
    },
    {
        "full_name": "Albert Simanjuntak"
    },
    {
        "full_name": "Albert Simanjuntak"
    },
    {
        "full_name": "Albert Simanjuntak"
    },
    {
        "full_name": "Albert Simanjuntak"
    },
    {
        "full_name": "E2E Test Full Name"
    },
    {
        "full_name": "E2E Test Full Name"
    },
    {
        "full_name": "E2E Test Full Name"
    },
    {
        "full_name": "E2E Test Full Name"
    },
    {
        "full_name": "E2E Test Full Name"
    },
    {
        "full_name": "E2E Test Full Name"
    },
    {
        "full_name": "E2E Test Full Name"
    },
    {
        "full_name": "E2E Test Full Name"
    },
    {
        "full_name": "E2E Test Full Name"
    },
    {
        "full_name": "E2E Test Full Name"
    },
    {
        "full_name": "E2E Test Full Name"
    },
    {
        "full_name": "E2E Test Full Name"
    },
    {
        "full_name": "E2E Test Full Name"
    },
    {
        "full_name": "E2E Test Full Name"
    },
    {
        "full_name": "E2E Test Full Name"
    },
    {
        "full_name": "E2E Test Full Name"
    },
    {
        "full_name": "E2E Test Full Name"
    },
    {
        "full_name": "E2E Test Full Name"
    },
    {
        "full_name": "E2E Test Full Name"
    },
    {
        "full_name": "Albert Simanjuntak"
    },
    {
        "full_name": "E2E Test Full Name"
    },
    {
        "full_name": "E2E Test Update PdwBoDdBkI"
    },
    {
        "full_name": "E2E Test Full Name"
    },
    {
        "full_name": "E2E Test Full Name"
    },
    {
        "full_name": "E2E Test Full Name"
    },
    {
        "full_name": "E2E Test Full Name"
    },
    {
        "full_name": "fifi noela"
    },
    {
        "full_name": "Albert Simanjuntak"
    },
    {
        "full_name": "Albert Simanjuntak"
    },
    {
        "full_name": "E2E Test Full Name"
    },
    {
        "full_name": "Albert Simanjuntak"
    },
    {
        "full_name": "Albert Simanjuntak"
    },
    {
        "full_name": "Albert Simanjuntak"
    },
    {
        "full_name": "Albert Simanjuntak"
    },
    {
        "full_name": "Albert Simanjuntak"
    },
    {
        "full_name": "E2E Test Full Name"
    },
    {
        "full_name": "E2E Test Full Name"
    },
    {
        "full_name": "Albert Simanjuntak"
    },
    {
        "full_name": "E2E Test Full Name"
    },
    {
        "full_name": "Albert Simanjuntak"
    },
    {
        "full_name": "E2E Test Full Name"
    },
    {
        "full_name": "Albert Simanjuntak"
    },
    {
        "full_name": "Albert Simanjuntak"
    },
    {
        "full_name": "Albert Simanjuntak"
    },
    {
        "full_name": "Albert Simanjuntak"
    },
    {
        "full_name": "E2E Test Full Name"
    },
    {
        "full_name": "E2E Test Full Name"
    },
    {
        "full_name": "Hairul Hasabi"
    },
    {
        "full_name": "Hairul Hasabi"
    },
    {
        "full_name": "Hairul Hasabi Full Name"
    },
    {
        "full_name": "Hairul Hasabi Full Name"
    },
    {
        "full_name": "Hairul Hasabi Full Name"
    },
    {
        "full_name": "E2E Test Full Name"
    },
    {
        "full_name": "E2E Test Full Name"
    },
    {
        "full_name": "E2E Test Full Name"
    },
    {
        "full_name": "Hairul Hasabi Full Name"
    },
    {
        "full_name": "Hairul Hasabi Full Name"
    },
    {
        "full_name": "Hairul Hasabi Full Name"
    },
    {
        "full_name": "Hairul Hasabi Full Name"
    },
    {
        "full_name": "Hairul Hasabi Full Name"
    },
    {
        "full_name": "Hairul Hasabi Full Name"
    },
    {
        "full_name": "Albert Simanjuntak"
    },
    {
        "full_name": "Hairul Hasabi Full Name"
    },
    {
        "full_name": "Hairul Hasabi Full Name"
    },
    {
        "full_name": "test name"
    },
    {
        "full_name": "Albert Simanjuntak"
    },
    {
        "full_name": "Hairul Hasabi Full Name"
    },
    {
        "full_name": "Hairul Hasabi Full Name"
    },
    {
        "full_name": "Test E2E Full Name"
    },
    {
        "full_name": "Hairul Hasabi Full Name"
    },
    {
        "full_name": "test name"
    },
    {
        "full_name": "test name"
    },
    {
        "full_name": "afteroffice1234"
    },
    {
        "full_name": "Hairul Hasabi Full Name"
    },
    {
        "full_name": "test name"
    },
    {
        "full_name": "test name"
    },
    {
        "full_name": "test name"
    },
    {
        "full_name": "Ini nama yg udh diupdate ya"
    },
    {
        "full_name": "Ini nama yg udh diupdate ya"
    },
    {
        "full_name": "Hairul Hasabi Full Name"
    },
    {
        "full_name": "E2E Test Full Name"
    },
    {
        "full_name": "E2E Test Full Name"
    },
    {
        "full_name": "E2E Test Full Name"
    },
    {
        "full_name": "E2E Test Full Name"
    },
    {
        "full_name": "E2E Test Full Name"
    },
    {
        "full_name": "E2E Test Full Name"
    },
    {
        "full_name": "E2E Test Full Name"
    },
    {
        "full_name": "E2E Test Full Name"
    },
    {
        "full_name": "E2E Test Full Name"
    },
    {
        "full_name": "E2E Test Full Name"
    },
    {
        "full_name": "E2E Test Full Name"
    },
    {
        "full_name": "E2E Test Full Name"
    },
    {
        "full_name": "E2E Test Full Name"
    },
    {
        "full_name": "E2E Test Full Name"
    },
    {
        "full_name": "E2E Test Full Name"
    },
    {
        "full_name": "E2E Test Full Name"
    },
    {
        "full_name": "E2E Test Full Name"
    },
    {
        "full_name": "E2E Test Full Name"
    },
    {
        "full_name": "E2E Test Full Name"
    },
    {
        "full_name": "test name"
    },
    {
        "full_name": "E2E Test Full Name"
    },
    {
        "full_name": "Azhar Test Register"
    },
    {
        "full_name": "E2E Test Full Name"
    },
    {
        "full_name": "E2E Test Update pPhqZGSqCX"
    },
    {
        "full_name": "Budi "
    },
    {
        "full_name": "Budi "
    },
    {
        "full_name": "Budi "
    },
    {
        "full_name": "Budi"
    },
    {
        "full_name": "Budi"
    },
    {
        "full_name": "Budi"
    },
    {
        "full_name": "afteroffice1234"
    },
    {
        "full_name": "E2E Test Full Name"
    },
    {
        "full_name": "E2E Test Full Name"
    },
    {
        "full_name": "E2E Test Full Name"
    },
    {
        "full_name": "Widya"
    },
    {
        "full_name": "Widya"
    },
    {
        "full_name": "Widya"
    },
    {
        "full_name": "widyu"
    },
    {
        "full_name": "Widya"
    },
    {
        "full_name": "Widya"
    },
    {
        "full_name": "Novaliza"
    },
    {
        "full_name": "Novaliza"
    },
    {
        "full_name": "Fernando Dian"
    },
    {
        "full_name": "Fernando Dian"
    },
    {
        "full_name": "Fernando Dian"
    },
    {
        "full_name": "Widya"
    },
    {
        "full_name": "Fernando Dian k"
    },
    {
        "full_name": "Fernando Dian k"
    },
    {
        "full_name": "Fernando Dian k"
    },
    {
        "full_name": "Fernando Dian k"
    },
    {
        "full_name": "Fernando Dian k"
    },
    {
        "full_name": "Novaliza01"
    },
    {
        "full_name": "E2E Test Full Name"
    },
    {
        "full_name": "Azhar Test Register"
    },
    {
        "full_name": "Azhar Test Register"
    },
    {
        "full_name": "E2E Test Full Name"
    },
    {
        "full_name": "E2E Test Full Name"
    },
    {
        "full_name": "E2E Test Full Name"
    },
    {
        "full_name": "E2E Test Full Name"
    },
    {
        "full_name": "John Doe"
    },
    {
        "full_name": "User Test"
    },
    {
        "full_name": "User Test 1"
    },
    {
        "full_name": "E2E Test Full Name"
    },
    {
        "full_name": "Azhar Test Register"
    }
]
[
    {
        "query": "E2E Test Full Name uBdEmEJuMb",
        "result": [
            {
                
            }
        ]
    }
]
]]></system-out>
  </testcase>
  <testcase name="getAllEmployee" classname="e2e_Tugas2.deleteEmployee" time="2.05"/>
</testsuite>