<?xml version="1.0" encoding="UTF-8"?>
<testsuite xmlns:xsi="http://www.w3.org/2001/XMLSchema-instance" xsi:noNamespaceSchemaLocation="https://maven.apache.org/surefire/maven-surefire-plugin/xsd/surefire-test-report.xsd" version="3.0.2" name="TestSuite" time="5.0" tests="4" errors="0" skipped="3" failures="1">
  <properties>
[...]
</properties>
  <testcase name="addEmployee" classname="e2e_Tugas2.registerEmployee" time="0.0">
    <skipped message="Schema to use cannot be null"/>
    <system-out><![CDATA[Suite E2E running...
addEmployee starting....
Request method:	POST
Request URI:	https://whitesmokehouse.com/webhook/employee/add
Proxy:			<none>
Request params:	<none>
Query params:	<none>
Form params:	<none>
Path params:	<none>
Headers:		Accept=*/*
				Content-Type=application/json
Cookies:		<none>
Multiparts:		<none>
Body:
{
    "email": "e2etestKuUnEmd@mail.com",
    "password": "KuUnEmd",
    "full_name": "NameKuUnEmd",
    "department": "Technology",
    "title": "QA"
}
[
    {
        "id": 443,
        "email": "e2etestKuUnEmd@mail.com",
        "password_hash": "788a92c18d2ec83ee97e87fb696c189b",
        "full_name": "NameKuUnEmd",
        "department": "Technology",
        "title": "QA",
        "create_at": "2025-05-25T08:59:54.604Z",
        "update_at": "2025-05-25T08:59:54.604Z"
    }
]
Retrying test addEmployee for the 1 time.
]]></system-out>
    <system-err><![CDATA[SLF4J(W): No SLF4J providers were found.
SLF4J(W): Defaulting to no-operation (NOP) logger implementation
SLF4J(W): See https://www.slf4j.org/codes.html#noProviders for further details.
]]></system-err>
  </testcase>
  <testcase name="addEmployee" classname="e2e_Tugas2.registerEmployee" time="0.0">
    <skipped message="Schema to use cannot be null"/>
    <system-out><![CDATA[addEmployee starting....
Request method:	POST
Request URI:	https://whitesmokehouse.com/webhook/employee/add
Proxy:			<none>
Request params:	<none>
Query params:	<none>
Form params:	<none>
Path params:	<none>
Headers:		Accept=*/*
				Content-Type=application/json
Cookies:		<none>
Multiparts:		<none>
Body:
{
    "email": "e2etestKuUnEmd@mail.com",
    "password": "KuUnEmd",
    "full_name": "NameKuUnEmd",
    "department": "Technology",
    "title": "QA"
}
{
    "result": "nok",
    "reason": "error write in db",
    "err": "Key (email)=(e2etestKuUnEmd@mail.com) already exists."
}
Retrying test addEmployee for the 2 time.
]]></system-out>
  </testcase>
  <testcase name="addEmployee" classname="e2e_Tugas2.registerEmployee" time="0.804">
    <failure message="Schema to use cannot be null" type="java.lang.IllegalArgumentException"><![CDATA[java.lang.IllegalArgumentException: Schema to use cannot be null
	at io.restassured.module.jsv.JsonSchemaValidator.validateSchemaIsNotNull(JsonSchemaValidator.java:270)
	at io.restassured.module.jsv.JsonSchemaValidator.access$300(JsonSchemaValidator.java:75)
	at io.restassured.module.jsv.JsonSchemaValidator$JsonSchemaValidatorFactory.create(JsonSchemaValidator.java:281)
	at io.restassured.module.jsv.JsonSchemaValidator.matchesJsonSchema(JsonSchemaValidator.java:166)
	at io.restassured.module.jsv.JsonSchemaValidator.matchesJsonSchemaInClasspath(JsonSchemaValidator.java:117)
	at e2e_Tugas2.registerEmployee.addEmployee(registerEmployee.java:52)
	at java.base/jdk.internal.reflect.DirectMethodHandleAccessor.invoke(DirectMethodHandleAccessor.java:104)
	at java.base/java.lang.reflect.Method.invoke(Method.java:577)
	at org.testng.internal.invokers.MethodInvocationHelper.invokeMethod(MethodInvocationHelper.java:141)
	at org.testng.internal.invokers.TestInvoker.invokeMethod(TestInvoker.java:687)
	at org.testng.internal.invokers.TestInvoker.retryFailed(TestInvoker.java:269)
	at org.testng.internal.invokers.MethodRunner.runInSequence(MethodRunner.java:76)
	at org.testng.internal.invokers.TestInvoker$MethodInvocationAgent.invoke(TestInvoker.java:995)
	at org.testng.internal.invokers.TestInvoker.invokeTestMethods(TestInvoker.java:203)
	at org.testng.internal.invokers.TestMethodWorker.invokeTestMethods(TestMethodWorker.java:154)
	at org.testng.internal.invokers.TestMethodWorker.run(TestMethodWorker.java:134)
	at java.base/java.util.concurrent.Executors$RunnableAdapter.call(Executors.java:539)
	at java.base/java.util.concurrent.FutureTask.run(FutureTask.java:264)
	at org.testng.internal.thread.graph.TestNGFutureTask.run(TestNGFutureTask.java:22)
	at java.base/java.util.concurrent.ThreadPoolExecutor.runWorker(ThreadPoolExecutor.java:1136)
	at java.base/java.util.concurrent.ThreadPoolExecutor$Worker.run(ThreadPoolExecutor.java:635)
	at java.base/java.lang.Thread.run(Thread.java:833)
]]></failure>
    <system-out><![CDATA[addEmployee starting....
Request method:	POST
Request URI:	https://whitesmokehouse.com/webhook/employee/add
Proxy:			<none>
Request params:	<none>
Query params:	<none>
Form params:	<none>
Path params:	<none>
Headers:		Accept=*/*
				Content-Type=application/json
Cookies:		<none>
Multiparts:		<none>
Body:
{
    "email": "e2etestKuUnEmd@mail.com",
    "password": "KuUnEmd",
    "full_name": "NameKuUnEmd",
    "department": "Technology",
    "title": "QA"
}
{
    "result": "nok",
    "reason": "error write in db",
    "err": "Key (email)=(e2etestKuUnEmd@mail.com) already exists."
}
]]></system-out>
  </testcase>
  <testcase name="loginEmployee" classname="e2e_Tugas2.registerEmployee" time="0.0">
    <skipped message="Method e2e_Tugas2.registerEmployee.loginEmployee() on instance e2e_Tugas2.registerEmployee@546ed2a0 depends on not successfully finished methods &#10;[e2e_Tugas2.registerEmployee.addEmployee() on instance e2e_Tugas2.registerEmployee@546ed2a0]"/>
  </testcase>
</testsuite>