<?xml version="1.0" encoding="UTF-8"?>
<testsuite xmlns:xsi="http://www.w3.org/2001/XMLSchema-instance" xsi:noNamespaceSchemaLocation="https://maven.apache.org/surefire/maven-surefire-plugin/xsd/surefire-test-report.xsd" version="3.0.2" name="TestSuite" time="25.544" tests="6" errors="0" skipped="0" failures="0">
  <properties>
[...]
</properties>
  <testcase name="login" classname="selenium.e2e" time="6.435">
    <system-out><![CDATA[Running E2E test
input Username
]]></system-out>
    <system-err><![CDATA[SLF4J(W): No SLF4J providers were found.
SLF4J(W): Defaulting to no-operation (NOP) logger implementation
SLF4J(W): See https://www.slf4j.org/codes.html#noProviders for further details.
]]></system-err>
  </testcase>
  <testcase name="addProductToCart" classname="selenium.e2e" time="2.155">
    <system-out><![CDATA[Product price: $29.99
Product added to cart
]]></system-out>
  </testcase>
  <testcase name="validateProductaddedtoCart" classname="selenium.e2e" time="0.17"/>
  <testcase name="validateProductInCart" classname="selenium.e2e" time="3.182"/>
  <testcase name="fillCustomerInfo" classname="selenium.e2e" time="6.4"/>
  <testcase name="validateCheckoutPage" classname="selenium.e2e" time="3.11"/>
</testsuite>