<?xml version="1.0" encoding="UTF-8"?>
<!-- Generated by org.testng.reporters.JUnitXMLReporter -->
<testsuite ignored="0" hostname="LAPTOP-6CRS3H6O" failures="0" tests="6" name="Locater" time="21.529" errors="0" timestamp="2025-06-16T23:06:47 WIB">
  <testcase classname="selenium.e2e" name="login" time="6.438"/>
  <testcase classname="selenium.e2e" name="addProductToCart" time="2.155"/>
  <testcase classname="selenium.e2e" name="validateProductaddedtoCart" time="0.17"/>
  <testcase classname="selenium.e2e" name="validateProductInCart" time="3.181"/>
  <testcase classname="selenium.e2e" name="fillCustomerInfo" time="6.4"/>
  <testcase classname="selenium.e2e" name="validateCheckoutPage" time="3.11"/>
</testsuite> <!-- Locater -->
