<?xml version="1.0" encoding="UTF-8"?>
<!-- Generated by org.testng.reporters.JUnitXMLReporter -->
<testsuite ignored="0" hostname="LAPTOP-6CRS3H6O" failures="2" tests="5" name="CucumberTest" time="6.908" errors="0" timestamp="2025-06-02T11:30:25 WIB">
  <testcase classname="io.cucumber.testng.AbstractTestNGCucumberTests" name="runScenario" time="3.118"/>
  <testcase classname="io.cucumber.testng.AbstractTestNGCucumberTests" name="runScenario" time="1.215"/>
  <testcase classname="io.cucumber.testng.AbstractTestNGCucumberTests" name="runScenario" time="0.717">
    <failure type="java.lang.AssertionError" message="name is null in response object">
      <![CDATA[java.lang.AssertionError: name is null in response object
at Cucumber.Definitions.employee_Definition.assert_full_name(employee_Definition.java:80)
at ✽.Name in the response must be "Apple MacBook Pro 1500"(file:///C:/Users/irfan/OneDrive/Documents/Bootcamp/Tugas/Tugas1/Tugas%202/tugas3/src/test/resources/employee.feature:68)
]]>
    </failure>
  </testcase> <!-- runScenario -->
  <testcase classname="io.cucumber.testng.AbstractTestNGCucumberTests" name="runScenario" time="0.664">
    <failure type="java.lang.AssertionError" message="name not expected">
      <![CDATA[java.lang.AssertionError: name not expected
at Cucumber.Definitions.employee_Definition.assert_full_name(employee_Definition.java:81)
at ✽.Name in the response must be "Apple MacBook Pro 1500"(file:///C:/Users/irfan/OneDrive/Documents/Bootcamp/Tugas/Tugas1/Tugas%202/tugas3/src/test/resources/employee.feature:79)
]]>
    </failure>
  </testcase> <!-- runScenario -->
  <testcase classname="io.cucumber.testng.AbstractTestNGCucumberTests" name="runScenario" time="0.682"/>
</testsuite> <!-- CucumberTest -->
